<?xml version="1.0" encoding="UTF-8"?>
<TestRun id="cbe63dae-afaf-4291-aacb-521bd8b8e9cb" name="jmorgan@DEV01JMORG01 2015-04-28 13:47:35" runUser="EIDPASSPORT\jmorgan" xmlns="http://microsoft.com/schemas/VisualStudio/TeamTest/2010">
  <TestSettings name="Local" id="fd312609-fa16-40cf-b06b-735bc588e930">
    <Description>These are default test settings for a local test run.</Description>
    <Deployment enabled="false" runDeploymentRoot="jmorgan_DEV01JMORG01 2015-04-28 13_47_35">
      <DeploymentItem filename="c:\users\jmorgan\documents\visual studio 2010\Projects\PsBuildTasks\Pluralsight.MSBuild.Tasks\bin\Debug\Pluralsight.MSBuild.Tasks.dll" />
    </Deployment>
    <Execution>
      <TestTypeSpecific />
      <AgentRule name="Execution Agents">
      </AgentRule>
    </Execution>
  </TestSettings>
  <Times creation="2015-04-28T13:47:35.5016508-07:00" queuing="2015-04-28T13:47:35.5576508-07:00" start="2015-04-28T13:47:35.5606508-07:00" finish="2015-04-28T13:47:35.7126508-07:00" />
  <ResultSummary outcome="Failed">
    <Counters total="1" executed="1" error="0" failed="1" timeout="0" aborted="0" inconclusive="0" passedButRunAborted="0" notRunnable="0" notExecuted="0" disconnected="0" warning="0" passed="0" completed="0" inProgress="0" pending="0" />
  </ResultSummary>
  <TestDefinitions>
    <UnitTest name="TestMethod1" storage="c:\users\jmorgan\documents\visual studio 2010\projects\psbuildtasks\pluralsight.msbuild.tests\bin\debug\pluralsight.msbuild.tests.dll" id="2a582d7c-f75f-ee9f-7bea-2c63f27642bc">
      <Execution id="45b1ec62-1c9a-435a-8283-e7fd4ad851fb" />
      <TestMethod codeBase="c:/users/jmorgan/documents/visual studio 2010/Projects/PsBuildTasks/Pluralsight.MSBuild.Tests/bin/Debug/Pluralsight.MSBuild.Tests.DLL" adapterTypeName="Microsoft.VisualStudio.TestTools.TestTypes.Unit.UnitTestAdapter, Microsoft.VisualStudio.QualityTools.Tips.UnitTest.Adapter, Version=10.0.0.0, Culture=neutral, PublicKeyToken=b03f5f7f11d50a3a" className="Pluralsight.MSBuild.Tests.UnitTest1, Pluralsight.MSBuild.Tests, Version=1.0.0.0, Culture=neutral, PublicKeyToken=null" name="TestMethod1" />
    </UnitTest>
  </TestDefinitions>
  <TestLists>
    <TestList name="Results Not in a List" id="8c84fa94-04c1-424b-9868-57a2d4851a1d" />
    <TestList name="All Loaded Results" id="19431567-8539-422a-85d7-44ee4e166bda" />
  </TestLists>
  <TestEntries>
    <TestEntry testId="2a582d7c-f75f-ee9f-7bea-2c63f27642bc" executionId="45b1ec62-1c9a-435a-8283-e7fd4ad851fb" testListId="8c84fa94-04c1-424b-9868-57a2d4851a1d" />
  </TestEntries>
  <Results>
    <UnitTestResult executionId="45b1ec62-1c9a-435a-8283-e7fd4ad851fb" testId="2a582d7c-f75f-ee9f-7bea-2c63f27642bc" testName="TestMethod1" computerName="DEV01JMORG01" duration="00:00:00.0204403" startTime="2015-04-28T13:47:35.5676508-07:00" endTime="2015-04-28T13:47:35.7026508-07:00" testType="13cdc9d9-ddb5-4fa4-a97d-d965ccfc6d4b" outcome="Failed" testListId="8c84fa94-04c1-424b-9868-57a2d4851a1d" relativeResultsDirectory="45b1ec62-1c9a-435a-8283-e7fd4ad851fb">
      <Output>
        <ErrorInfo>
          <Message>Assert.AreEqual failed. Expected:&lt;0&gt;. Actual:&lt;5&gt;. </Message>
          <StackTrace>   at Pluralsight.MSBuild.Tests.UnitTest1.TestMethod1() in c:\users\jmorgan\documents\visual studio 2010\Projects\PsBuildTasks\Pluralsight.MSBuild.Tests\UnitTest1.cs:line 25
</StackTrace>
        </ErrorInfo>
      </Output>
    </UnitTestResult>
  </Results>
</TestRun>