<?xml version="1.0" encoding="utf-8" standalone="no"?>
<!--This file represents the results of running a test suite-->
<test-results name="C:\Users\jmorgan\repos\MSBuild-Exercises\Pluralsight.MSBuild.Tasks.nunit" total="0" errors="0" failures="0" not-run="0" inconclusive="0" ignored="0" skipped="0" invalid="0" date="2015-04-28" time="17:01:19">
  <environment nunit-version="2.6.4.14350" clr-version="2.0.50727.5485" os-version="Microsoft Windows NT 6.1.7601 Service Pack 1" platform="Win32NT" cwd="C:\Users\jmorgan\repos\MSBuild-Exercises" machine-name="DEV01JMORG01" user="jmorgan" user-domain="EIDPASSPORT" />
  <culture-info current-culture="en-US" current-uiculture="en-US" />
  <test-suite type="Project" name="C:\Users\jmorgan\repos\MSBuild-Exercises\Pluralsight.MSBuild.Tasks.nunit" executed="True" result="Inconclusive" success="False" time="0.020" asserts="0">
    <results>
      <test-suite type="Assembly" name="C:\Users\jmorgan\repos\MSBuild-Exercises\Pluralsight.MSBuild.Tasks.dll" executed="True" result="Inconclusive" success="False" time="0.004" asserts="0" />
    </results>
  </test-suite>
</test-results>